# JRE version: Java(TM) SE Runtime Environment (7.0_80-b15) (build 1.7.0_80-b15)
# Java VM: Java HotSpot(TM) 64-Bit Server VM (24.80-b11 mixed mode linux-amd64 compressed oops)
Heap
 PSYoungGen      total 243712K, used 164707K [0x00000000f0000000, 0x0000000100000000, 0x0000000100000000)
  eden space 224768K, 69% used [0x00000000f0000000,0x00000000f97b57c0,0x00000000fdb80000)
  from space 18944K, 49% used [0x00000000fed80000,0x00000000ff6a34b0,0x0000000100000000)
  to   space 18432K, 0% used [0x00000000fdb80000,0x00000000fdb80000,0x00000000fed80000)
 ParOldGen       total 524288K, used 76382K [0x00000000d0000000, 0x00000000f0000000, 0x00000000f0000000)
  object space 524288K, 14% used [0x00000000d0000000,0x00000000d4a978c0,0x00000000f0000000)
 PSPermGen       total 262144K, used 49700K [0x00000000c0000000, 0x00000000d0000000, 0x00000000d0000000)
  object space 262144K, 18% used [0x00000000c0000000,0x00000000c3089280,0x00000000d0000000)
GC Heap History (10 events):
Event: 13.711 GC heap before
{Heap before GC invocations=14 (full 0):
 PSYoungGen      total 241664K, used 230561K [0x00000000f0000000, 0x0000000100000000, 0x0000000100000000)
  eden space 221184K, 100% used [0x00000000f0000000,0x00000000fd800000,0x00000000fd800000)
  from space 20480K, 45% used [0x00000000fd800000,0x00000000fe1286a8,0x00000000fec00000)
  to   space 19968K, 0% used [0x00000000fec80000,0x00000000fec80000,0x0000000100000000)
 ParOldGen       total 524288K, used 40430K [0x00000000d0000000, 0x00000000f0000000, 0x00000000f0000000)
  object space 524288K, 7% used [0x00000000d0000000,0x00000000d277b808,0x00000000f0000000)
 PSPermGen       total 262144K, used 38890K [0x00000000c0000000, 0x00000000d0000000, 0x00000000d0000000)
  object space 262144K, 14% used [0x00000000c0000000,0x00000000c25fa878,0x00000000d0000000)
Event: 13.733 GC heap after
Heap after GC invocations=14 (full 0):
 PSYoungGen      total 242688K, used 7927K [0x00000000f0000000, 0x0000000100000000, 0x0000000100000000)
  eden space 222720K, 0% used [0x00000000f0000000,0x00000000f0000000,0x00000000fd980000)
  from space 19968K, 39% used [0x00000000fec80000,0x00000000ff43dc08,0x0000000100000000)
  to   space 19456K, 0% used [0x00000000fd980000,0x00000000fd980000,0x00000000fec80000)
 ParOldGen       total 524288K, used 48638K [0x00000000d0000000, 0x00000000f0000000, 0x00000000f0000000)
  object space 524288K, 9% used [0x00000000d0000000,0x00000000d2f7f9c8,0x00000000f0000000)
 PSPermGen       total 262144K, used 38890K [0x00000000c0000000, 0x00000000d0000000, 0x00000000d0000000)
  object space 262144K, 14% used [0x00000000c0000000,0x00000000c25fa878,0x00000000d0000000)
}
Event: 14.631 GC heap before
{Heap before GC invocations=15 (full 0):
 PSYoungGen      total 242688K, used 227035K [0x00000000f0000000, 0x0000000100000000, 0x0000000100000000)
  eden space 222720K, 98% used [0x00000000f0000000,0x00000000fd5f9020,0x00000000fd980000)
  from space 19968K, 39% used [0x00000000fec80000,0x00000000ff43dc08,0x0000000100000000)
  to   space 19456K, 0% used [0x00000000fd980000,0x00000000fd980000,0x00000000fec80000)
 ParOldGen       total 524288K, used 48638K [0x00000000d0000000, 0x00000000f0000000, 0x00000000f0000000)
  object space 524288K, 9% used [0x00000000d0000000,0x00000000d2f7f9c8,0x00000000f0000000)
 PSPermGen       total 262144K, used 41964K [0x00000000c0000000, 0x00000000d0000000, 0x00000000d0000000)
  object space 262144K, 16% used [0x00000000c0000000,0x00000000c28fb3b0,0x00000000d0000000)
Event: 14.653 GC heap after
Heap after GC invocations=15 (full 0):
 PSYoungGen      total 242176K, used 8375K [0x00000000f0000000, 0x0000000100000000, 0x0000000100000000)
  eden space 222720K, 0% used [0x00000000f0000000,0x00000000f0000000,0x00000000fd980000)
  from space 19456K, 43% used [0x00000000fd980000,0x00000000fe1adc20,0x00000000fec80000)
  to   space 18944K, 0% used [0x00000000fed80000,0x00000000fed80000,0x0000000100000000)
 ParOldGen       total 524288K, used 55109K [0x00000000d0000000, 0x00000000f0000000, 0x00000000f0000000)
  object space 524288K, 10% used [0x00000000d0000000,0x00000000d35d1508,0x00000000f0000000)
 PSPermGen       total 262144K, used 41964K [0x00000000c0000000, 0x00000000d0000000, 0x00000000d0000000)
  object space 262144K, 16% used [0x00000000c0000000,0x00000000c28fb3b0,0x00000000d0000000)
}
Event: 334.055 GC heap before
{Heap before GC invocations=16 (full 0):
 PSYoungGen      total 242176K, used 224027K [0x00000000f0000000, 0x0000000100000000, 0x0000000100000000)
  eden space 222720K, 96% used [0x00000000f0000000,0x00000000fd299178,0x00000000fd980000)
  from space 19456K, 43% used [0x00000000fd980000,0x00000000fe1adc20,0x00000000fec80000)
  to   space 18944K, 0% used [0x00000000fed80000,0x00000000fed80000,0x0000000100000000)
 ParOldGen       total 524288K, used 55109K [0x00000000d0000000, 0x00000000f0000000, 0x00000000f0000000)
  object space 524288K, 10% used [0x00000000d0000000,0x00000000d35d1508,0x00000000f0000000)
 PSPermGen       total 262144K, used 44626K [0x00000000c0000000, 0x00000000d0000000, 0x00000000d0000000)
  object space 262144K, 17% used [0x00000000c0000000,0x00000000c2b948b0,0x00000000d0000000)
Event: 334.086 GC heap after
Heap after GC invocations=16 (full 0):
 PSYoungGen      total 243712K, used 6927K [0x00000000f0000000, 0x0000000100000000, 0x0000000100000000)
  eden space 224768K, 0% used [0x00000000f0000000,0x00000000f0000000,0x00000000fdb80000)
  from space 18944K, 36% used [0x00000000fed80000,0x00000000ff443c80,0x0000000100000000)
  to   space 18432K, 0% used [0x00000000fdb80000,0x00000000fdb80000,0x00000000fed80000)
 ParOldGen       total 524288K, used 62915K [0x00000000d0000000, 0x00000000f0000000, 0x00000000f0000000)
  object space 524288K, 12% used [0x00000000d0000000,0x00000000d3d70e00,0x00000000f0000000)
 PSPermGen       total 262144K, used 44626K [0x00000000c0000000, 0x00000000d0000000, 0x00000000d0000000)
  object space 262144K, 17% used [0x00000000c0000000,0x00000000c2b948b0,0x00000000d0000000)
}
Event: 383.717 GC heap before
{Heap before GC invocations=17 (full 0):
 PSYoungGen      total 243712K, used 231695K [0x00000000f0000000, 0x0000000100000000, 0x0000000100000000)
  eden space 224768K, 100% used [0x00000000f0000000,0x00000000fdb80000,0x00000000fdb80000)
  from space 18944K, 36% used [0x00000000fed80000,0x00000000ff443c80,0x0000000100000000)
  to   space 18432K, 0% used [0x00000000fdb80000,0x00000000fdb80000,0x00000000fed80000)
 ParOldGen       total 524288K, used 62915K [0x00000000d0000000, 0x00000000f0000000, 0x00000000f0000000)
  object space 524288K, 12% used [0x00000000d0000000,0x00000000d3d70e00,0x00000000f0000000)
 PSPermGen       total 262144K, used 46663K [0x00000000c0000000, 0x00000000d0000000, 0x00000000d0000000)
  object space 262144K, 17% used [0x00000000c0000000,0x00000000c2d91d60,0x00000000d0000000)
Event: 383.753 GC heap after
Heap after GC invocations=17 (full 0):
 PSYoungGen      total 243200K, used 13082K [0x00000000f0000000, 0x0000000100000000, 0x0000000100000000)
  eden space 224768K, 0% used [0x00000000f0000000,0x00000000f0000000,0x00000000fdb80000)
  from space 18432K, 70% used [0x00000000fdb80000,0x00000000fe846878,0x00000000fed80000)
  to   space 18944K, 0% used [0x00000000fed80000,0x00000000fed80000,0x0000000100000000)
 ParOldGen       total 524288K, used 67961K [0x00000000d0000000, 0x00000000f0000000, 0x00000000f0000000)
  object space 524288K, 12% used [0x00000000d0000000,0x00000000d425e410,0x00000000f0000000)
 PSPermGen       total 262144K, used 46663K [0x00000000c0000000, 0x00000000d0000000, 0x00000000d0000000)
  object space 262144K, 17% used [0x00000000c0000000,0x00000000c2d91d60,0x00000000d0000000)
}
Event: 508.727 GC heap before
{Heap before GC invocations=18 (full 0):
 PSYoungGen      total 243200K, used 237850K [0x00000000f0000000, 0x0000000100000000, 0x0000000100000000)
  eden space 224768K, 100% used [0x00000000f0000000,0x00000000fdb80000,0x00000000fdb80000)
  from space 18432K, 70% used [0x00000000fdb80000,0x00000000fe846878,0x00000000fed80000)
  to   space 18944K, 0% used [0x00000000fed80000,0x00000000fed80000,0x0000000100000000)
 ParOldGen       total 524288K, used 67961K [0x00000000d0000000, 0x00000000f0000000, 0x00000000f0000000)
  object space 524288K, 12% used [0x00000000d0000000,0x00000000d425e410,0x00000000f0000000)
 PSPermGen       total 262144K, used 48254K [0x00000000c0000000, 0x00000000d0000000, 0x00000000d0000000)
  object space 262144K, 18% used [0x00000000c0000000,0x00000000c2f1fac0,0x00000000d0000000)
Event: 508.757 GC heap after
Heap after GC invocations=18 (full 0):
 PSYoungGen      total 243712K, used 9357K [0x00000000f0000000, 0x0000000100000000, 0x0000000100000000)
  eden space 224768K, 0% used [0x00000000f0000000,0x00000000f0000000,0x00000000fdb80000)
  from space 18944K, 49% used [0x00000000fed80000,0x00000000ff6a34b0,0x0000000100000000)
  to   space 18432K, 0% used [0x00000000fdb80000,0x00000000fdb80000,0x00000000fed80000)
 ParOldGen       total 524288K, used 76382K [0x00000000d0000000, 0x00000000f0000000, 0x00000000f0000000)
  object space 524288K, 14% used [0x00000000d0000000,0x00000000d4a978c0,0x00000000f0000000)
 PSPermGen       total 262144K, used 48254K [0x00000000c0000000, 0x00000000d0000000, 0x00000000d0000000)
  object space 262144K, 18% used [0x00000000c0000000,0x00000000c2f1fac0,0x00000000d0000000)
}

